{
  "stats": {
    "suites": 1,
    "tests": 4,
    "passes": 4,
    "pending": 0,
    "failures": 0,
    "start": "2025-02-16T01:01:24.283Z",
    "end": "2025-02-16T01:01:39.739Z",
    "duration": 15456,
    "testsRegistered": 4,
    "passPercent": 100,
    "pendingPercent": 0,
    "other": 0,
    "hasOther": false,
    "skipped": 0,
    "hasSkipped": false
  },
  "results": [
    {
      "uuid": "8b816b08-e567-4609-b425-58a78996f6d4",
      "title": "",
      "fullFile": "cypress\\e2e\\view_cart.cy.js",
      "file": "cypress\\e2e\\view_cart.cy.js",
      "beforeHooks": [],
      "afterHooks": [],
      "tests": [],
      "suites": [
        {
          "uuid": "c97341ec-bb5c-49da-bcf9-a162aa60b7ff",
          "title": "View Cart Journey",
          "fullFile": "",
          "file": "",
          "beforeHooks": [],
          "afterHooks": [],
          "tests": [
            {
              "title": "Load cart page",
              "fullTitle": "View Cart Journey Load cart page",
              "timedOut": null,
              "duration": 4200,
              "state": "passed",
              "speed": "fast",
              "pass": true,
              "fail": false,
              "pending": false,
              "context": null,
              "code": "cy.loadCartPage();",
              "err": {},
              "uuid": "6097f392-13cc-4c08-9206-eeb6ab34b78c",
              "parentUUID": "c97341ec-bb5c-49da-bcf9-a162aa60b7ff",
              "isHook": false,
              "skipped": false
            },
            {
              "title": "Add and verify product in the cart",
              "fullTitle": "View Cart Journey Add and verify product in the cart",
              "timedOut": null,
              "duration": 2619,
              "state": "passed",
              "speed": "fast",
              "pass": true,
              "fail": false,
              "pending": false,
              "context": null,
              "code": "cy.addAndVerifyProduct();",
              "err": {},
              "uuid": "90cede90-f75e-49a9-ac11-65e18e78ab39",
              "parentUUID": "c97341ec-bb5c-49da-bcf9-a162aa60b7ff",
              "isHook": false,
              "skipped": false
            },
            {
              "title": "Check cart status",
              "fullTitle": "View Cart Journey Check cart status",
              "timedOut": null,
              "duration": 4635,
              "state": "passed",
              "speed": "fast",
              "pass": true,
              "fail": false,
              "pending": false,
              "context": null,
              "code": "cy.checkCartStatus();",
              "err": {},
              "uuid": "1bb25bed-7fff-49c3-9f97-d7c2e68d3214",
              "parentUUID": "c97341ec-bb5c-49da-bcf9-a162aa60b7ff",
              "isHook": false,
              "skipped": false
            },
            {
              "title": "Cart data persistence after logout",
              "fullTitle": "View Cart Journey Cart data persistence after logout",
              "timedOut": null,
              "duration": 3566,
              "state": "passed",
              "speed": "fast",
              "pass": true,
              "fail": false,
              "pending": false,
              "context": null,
              "code": "cy.cartPersistence();",
              "err": {},
              "uuid": "13aa3483-2286-4527-9ed1-1273dcb3e389",
              "parentUUID": "c97341ec-bb5c-49da-bcf9-a162aa60b7ff",
              "isHook": false,
              "skipped": false
            }
          ],
          "suites": [],
          "passes": [
            "6097f392-13cc-4c08-9206-eeb6ab34b78c",
            "90cede90-f75e-49a9-ac11-65e18e78ab39",
            "1bb25bed-7fff-49c3-9f97-d7c2e68d3214",
            "13aa3483-2286-4527-9ed1-1273dcb3e389"
          ],
          "failures": [],
          "pending": [],
          "skipped": [],
          "duration": 15020,
          "root": false,
          "rootEmpty": false,
          "_timeout": 2000
        }
      ],
      "passes": [],
      "failures": [],
      "pending": [],
      "skipped": [],
      "duration": 0,
      "root": true,
      "rootEmpty": true,
      "_timeout": 2000
    }
  ],
  "meta": {
    "mocha": {
      "version": "7.0.1"
    },
    "mochawesome": {
      "options": {
        "quiet": false,
        "reportFilename": "mochawesome",
        "saveHtml": true,
        "saveJson": true,
        "consoleReporter": "spec",
        "useInlineDiffs": false,
        "code": true
      },
      "version": "7.1.3"
    },
    "marge": {
      "options": {
        "reportDir": "cypress/reports",
        "overwrite": false,
        "html": true,
        "json": true,
        "embeddedScreenshots": true,
        "inlineAssets": true,
        "saveAllAttempts": false
      },
      "version": "6.2.0"
    }
  }
}