{
  "stats": {
    "suites": 1,
    "tests": 8,
    "passes": 8,
    "pending": 0,
    "failures": 0,
    "start": "2025-02-16T01:01:03.325Z",
    "end": "2025-02-16T01:01:19.863Z",
    "duration": 16538,
    "testsRegistered": 8,
    "passPercent": 100,
    "pendingPercent": 0,
    "other": 0,
    "hasOther": false,
    "skipped": 0,
    "hasSkipped": false
  },
  "results": [
    {
      "uuid": "38864ac9-aa28-471b-9af8-74eabcb29ab4",
      "title": "",
      "fullFile": "cypress\\e2e\\login.cy.js",
      "file": "cypress\\e2e\\login.cy.js",
      "beforeHooks": [],
      "afterHooks": [],
      "tests": [],
      "suites": [
        {
          "uuid": "bfc93698-a923-4883-a568-351b98289291",
          "title": "Login Journey",
          "fullFile": "",
          "file": "",
          "beforeHooks": [],
          "afterHooks": [],
          "tests": [
            {
              "title": "Standard User",
              "fullTitle": "Login Journey Standard User",
              "timedOut": null,
              "duration": 4411,
              "state": "passed",
              "speed": "fast",
              "pass": true,
              "fail": false,
              "pending": false,
              "context": null,
              "code": "cy.standardUser();",
              "err": {},
              "uuid": "ec6320b9-50f9-4d45-85de-23632a3f01f5",
              "parentUUID": "bfc93698-a923-4883-a568-351b98289291",
              "isHook": false,
              "skipped": false
            },
            {
              "title": "Problem User",
              "fullTitle": "Login Journey Problem User",
              "timedOut": null,
              "duration": 2166,
              "state": "passed",
              "speed": "fast",
              "pass": true,
              "fail": false,
              "pending": false,
              "context": null,
              "code": "cy.problemUser();",
              "err": {},
              "uuid": "2d9dd76b-e3e2-4810-b599-031fabd1d53e",
              "parentUUID": "bfc93698-a923-4883-a568-351b98289291",
              "isHook": false,
              "skipped": false
            },
            {
              "title": "Incorrect Username",
              "fullTitle": "Login Journey Incorrect Username",
              "timedOut": null,
              "duration": 2156,
              "state": "passed",
              "speed": "fast",
              "pass": true,
              "fail": false,
              "pending": false,
              "context": null,
              "code": "cy.incorrectUsername();",
              "err": {},
              "uuid": "244660d2-815b-4dba-9784-0274e54453f9",
              "parentUUID": "bfc93698-a923-4883-a568-351b98289291",
              "isHook": false,
              "skipped": false
            },
            {
              "title": "Incorrect Password",
              "fullTitle": "Login Journey Incorrect Password",
              "timedOut": null,
              "duration": 1500,
              "state": "passed",
              "speed": "fast",
              "pass": true,
              "fail": false,
              "pending": false,
              "context": null,
              "code": "cy.incorrectPassword();",
              "err": {},
              "uuid": "4fe25aa9-8d8d-400e-b114-8dbcb1e1e0d3",
              "parentUUID": "bfc93698-a923-4883-a568-351b98289291",
              "isHook": false,
              "skipped": false
            },
            {
              "title": "Incorrect Details",
              "fullTitle": "Login Journey Incorrect Details",
              "timedOut": null,
              "duration": 2652,
              "state": "passed",
              "speed": "fast",
              "pass": true,
              "fail": false,
              "pending": false,
              "context": null,
              "code": "cy.incorrectDetails();",
              "err": {},
              "uuid": "b2ccc71b-f483-4a10-aaa4-efd1b81b5a4b",
              "parentUUID": "bfc93698-a923-4883-a568-351b98289291",
              "isHook": false,
              "skipped": false
            },
            {
              "title": "Blank Fields",
              "fullTitle": "Login Journey Blank Fields",
              "timedOut": null,
              "duration": 690,
              "state": "passed",
              "speed": "fast",
              "pass": true,
              "fail": false,
              "pending": false,
              "context": null,
              "code": "cy.blankFields();",
              "err": {},
              "uuid": "b2bf8b7b-41be-44a9-9726-6a9e82a34dc0",
              "parentUUID": "bfc93698-a923-4883-a568-351b98289291",
              "isHook": false,
              "skipped": false
            },
            {
              "title": "Blank Username",
              "fullTitle": "Login Journey Blank Username",
              "timedOut": null,
              "duration": 1124,
              "state": "passed",
              "speed": "fast",
              "pass": true,
              "fail": false,
              "pending": false,
              "context": null,
              "code": "cy.blankUsername();",
              "err": {},
              "uuid": "63491807-1e48-4325-ae44-41ea3615c5ac",
              "parentUUID": "bfc93698-a923-4883-a568-351b98289291",
              "isHook": false,
              "skipped": false
            },
            {
              "title": "Blank Password",
              "fullTitle": "Login Journey Blank Password",
              "timedOut": null,
              "duration": 1281,
              "state": "passed",
              "speed": "fast",
              "pass": true,
              "fail": false,
              "pending": false,
              "context": null,
              "code": "cy.blankPassword();",
              "err": {},
              "uuid": "0df81023-fe3a-441b-8cc9-8495ec186d43",
              "parentUUID": "bfc93698-a923-4883-a568-351b98289291",
              "isHook": false,
              "skipped": false
            }
          ],
          "suites": [],
          "passes": [
            "ec6320b9-50f9-4d45-85de-23632a3f01f5",
            "2d9dd76b-e3e2-4810-b599-031fabd1d53e",
            "244660d2-815b-4dba-9784-0274e54453f9",
            "4fe25aa9-8d8d-400e-b114-8dbcb1e1e0d3",
            "b2ccc71b-f483-4a10-aaa4-efd1b81b5a4b",
            "b2bf8b7b-41be-44a9-9726-6a9e82a34dc0",
            "63491807-1e48-4325-ae44-41ea3615c5ac",
            "0df81023-fe3a-441b-8cc9-8495ec186d43"
          ],
          "failures": [],
          "pending": [],
          "skipped": [],
          "duration": 15980,
          "root": false,
          "rootEmpty": false,
          "_timeout": 2000
        }
      ],
      "passes": [],
      "failures": [],
      "pending": [],
      "skipped": [],
      "duration": 0,
      "root": true,
      "rootEmpty": true,
      "_timeout": 2000
    }
  ],
  "meta": {
    "mocha": {
      "version": "7.0.1"
    },
    "mochawesome": {
      "options": {
        "quiet": false,
        "reportFilename": "mochawesome",
        "saveHtml": true,
        "saveJson": true,
        "consoleReporter": "spec",
        "useInlineDiffs": false,
        "code": true
      },
      "version": "7.1.3"
    },
    "marge": {
      "options": {
        "reportDir": "cypress/reports",
        "overwrite": false,
        "html": true,
        "json": true,
        "embeddedScreenshots": true,
        "inlineAssets": true,
        "saveAllAttempts": false
      },
      "version": "6.2.0"
    }
  }
}