{
  "stats": {
    "suites": 1,
    "tests": 3,
    "passes": 3,
    "pending": 0,
    "failures": 0,
    "start": "2025-02-16T01:00:28.533Z",
    "end": "2025-02-16T01:00:41.216Z",
    "duration": 12683,
    "testsRegistered": 3,
    "passPercent": 100,
    "pendingPercent": 0,
    "other": 0,
    "hasOther": false,
    "skipped": 0,
    "hasSkipped": false
  },
  "results": [
    {
      "uuid": "f4132a8e-2622-4412-b0df-eee55e84d264",
      "title": "",
      "fullFile": "cypress\\e2e\\checkout.cy.js",
      "file": "cypress\\e2e\\checkout.cy.js",
      "beforeHooks": [],
      "afterHooks": [],
      "tests": [],
      "suites": [
        {
          "uuid": "c7b2506a-a498-4560-95df-c47582fb208e",
          "title": "Checkout Journey",
          "fullFile": "",
          "file": "",
          "beforeHooks": [],
          "afterHooks": [],
          "tests": [
            {
              "title": "Checkout with valid details",
              "fullTitle": "Checkout Journey Checkout with valid details",
              "timedOut": null,
              "duration": 5792,
              "state": "passed",
              "speed": "medium",
              "pass": true,
              "fail": false,
              "pending": false,
              "context": null,
              "code": "cy.validCheckout();",
              "err": {},
              "uuid": "07738481-422a-4440-81fe-b19dface2fbc",
              "parentUUID": "c7b2506a-a498-4560-95df-c47582fb208e",
              "isHook": false,
              "skipped": false
            },
            {
              "title": "Checkout with blank data",
              "fullTitle": "Checkout Journey Checkout with blank data",
              "timedOut": null,
              "duration": 2089,
              "state": "passed",
              "speed": "fast",
              "pass": true,
              "fail": false,
              "pending": false,
              "context": null,
              "code": "cy.blankData();",
              "err": {},
              "uuid": "4ed6133e-e585-4629-adf1-3053ed16bdf6",
              "parentUUID": "c7b2506a-a498-4560-95df-c47582fb208e",
              "isHook": false,
              "skipped": false
            },
            {
              "title": "Cancel checkout",
              "fullTitle": "Checkout Journey Cancel checkout",
              "timedOut": null,
              "duration": 4533,
              "state": "passed",
              "speed": "fast",
              "pass": true,
              "fail": false,
              "pending": false,
              "context": null,
              "code": "cy.cancelCheckout();",
              "err": {},
              "uuid": "54d6ce8f-736e-4726-985f-5d5ac34bb6cc",
              "parentUUID": "c7b2506a-a498-4560-95df-c47582fb208e",
              "isHook": false,
              "skipped": false
            }
          ],
          "suites": [],
          "passes": [
            "07738481-422a-4440-81fe-b19dface2fbc",
            "4ed6133e-e585-4629-adf1-3053ed16bdf6",
            "54d6ce8f-736e-4726-985f-5d5ac34bb6cc"
          ],
          "failures": [],
          "pending": [],
          "skipped": [],
          "duration": 12414,
          "root": false,
          "rootEmpty": false,
          "_timeout": 2000
        }
      ],
      "passes": [],
      "failures": [],
      "pending": [],
      "skipped": [],
      "duration": 0,
      "root": true,
      "rootEmpty": true,
      "_timeout": 2000
    }
  ],
  "meta": {
    "mocha": {
      "version": "7.0.1"
    },
    "mochawesome": {
      "options": {
        "quiet": false,
        "reportFilename": "mochawesome",
        "saveHtml": true,
        "saveJson": true,
        "consoleReporter": "spec",
        "useInlineDiffs": false,
        "code": true
      },
      "version": "7.1.3"
    },
    "marge": {
      "options": {
        "reportDir": "cypress/reports",
        "overwrite": false,
        "html": true,
        "json": true,
        "embeddedScreenshots": true,
        "inlineAssets": true,
        "saveAllAttempts": false
      },
      "version": "6.2.0"
    }
  }
}