{
  "stats": {
    "suites": 1,
    "tests": 2,
    "passes": 2,
    "pending": 0,
    "failures": 0,
    "start": "2025-02-16T01:00:15.851Z",
    "end": "2025-02-16T01:00:24.228Z",
    "duration": 8377,
    "testsRegistered": 2,
    "passPercent": 100,
    "pendingPercent": 0,
    "other": 0,
    "hasOther": false,
    "skipped": 0,
    "hasSkipped": false
  },
  "results": [
    {
      "uuid": "7a0d277f-0ee8-43fe-8a91-52ffe0b02b0d",
      "title": "",
      "fullFile": "cypress\\e2e\\add_and_remove_products.cy.js",
      "file": "cypress\\e2e\\add_and_remove_products.cy.js",
      "beforeHooks": [],
      "afterHooks": [],
      "tests": [],
      "suites": [
        {
          "uuid": "3bf3eeb9-c031-40b9-9553-71222aff4e6e",
          "title": "Add and Remove Journey",
          "fullFile": "",
          "file": "",
          "beforeHooks": [],
          "afterHooks": [],
          "tests": [
            {
              "title": "Add to cart",
              "fullTitle": "Add and Remove Journey Add to cart",
              "timedOut": null,
              "duration": 6355,
              "state": "passed",
              "speed": "medium",
              "pass": true,
              "fail": false,
              "pending": false,
              "context": null,
              "code": "cy.addToCart();",
              "err": {},
              "uuid": "17a1751f-f5f3-4b63-bbfb-0ecf57aef0bc",
              "parentUUID": "3bf3eeb9-c031-40b9-9553-71222aff4e6e",
              "isHook": false,
              "skipped": false
            },
            {
              "title": "Remove from Cart",
              "fullTitle": "Add and Remove Journey Remove from Cart",
              "timedOut": null,
              "duration": 1816,
              "state": "passed",
              "speed": "fast",
              "pass": true,
              "fail": false,
              "pending": false,
              "context": null,
              "code": "cy.removeFromCart();",
              "err": {},
              "uuid": "2cc24feb-682a-4903-aa50-c925d3f0bde2",
              "parentUUID": "3bf3eeb9-c031-40b9-9553-71222aff4e6e",
              "isHook": false,
              "skipped": false
            }
          ],
          "suites": [],
          "passes": [
            "17a1751f-f5f3-4b63-bbfb-0ecf57aef0bc",
            "2cc24feb-682a-4903-aa50-c925d3f0bde2"
          ],
          "failures": [],
          "pending": [],
          "skipped": [],
          "duration": 8171,
          "root": false,
          "rootEmpty": false,
          "_timeout": 2000
        }
      ],
      "passes": [],
      "failures": [],
      "pending": [],
      "skipped": [],
      "duration": 0,
      "root": true,
      "rootEmpty": true,
      "_timeout": 2000
    }
  ],
  "meta": {
    "mocha": {
      "version": "7.0.1"
    },
    "mochawesome": {
      "options": {
        "quiet": false,
        "reportFilename": "mochawesome",
        "saveHtml": true,
        "saveJson": true,
        "consoleReporter": "spec",
        "useInlineDiffs": false,
        "code": true
      },
      "version": "7.1.3"
    },
    "marge": {
      "options": {
        "reportDir": "cypress/reports",
        "overwrite": false,
        "html": true,
        "json": true,
        "embeddedScreenshots": true,
        "inlineAssets": true,
        "saveAllAttempts": false
      },
      "version": "6.2.0"
    }
  }
}